60
1604
0 1 -276134769
0 2 -883086519
0 4 -12863839
0 5 -693375678
0 6 -804650180
0 7 -485037305
0 8 -708915779
0 9 -689679396
0 10 -857609803
0 11 -595560085
0 12 -955455444
0 13 -348843806
0 14 -275259950
0 15 -363969948
0 16 -1058002495
0 18 -351586675
0 19 -324428476
0 20 -85458737
0 21 -268787605
0 22 -234481505
0 23 -31368465
0 24 -636833870
0 25 -1044701959
0 26 -563977185
0 27 -503544656
0 28 -740178341
0 29 -68663544
0 30 -942630211
0 31 -780687248
0 32 -1024625256
0 33 -857917551
0 34 -326869152
0 35 -49441963
0 37 -738815728
0 38 -715200206
0 39 -96047741
0 41 -525709952
0 42 -268257044
0 43 -970331235
0 44 -930014699
0 45 -754719681
0 46 591475906
0 48 -643605291
0 49 -563693641
0 50 -39193739
0 51 -161885770
0 52 -325790815
0 53 -822797206
0 54 -314226545
0 55 -165049240
0 56 -1058650735
0 57 -830416145
0 58 -902099766
1 2 -763879797
1 3 -398188189
1 4 -928274278
1 5 -1033190541
1 6 -881688528
1 7 -639710652
1 8 -626731804
1 9 -269586257
1 10 -542984826
1 13 -999577884
1 14 -1055873190
1 15 -889359374
1 16 -7622578
1 17 -779072672
1 18 920857051
1 19 -572881528
1 20 -257745901
1 21 -622576195
1 22 -308424685
1 23 -498129149
1 24 -906127115
1 25 315180144
1 26 -112429690
1 27 -879399493
1 28 -719705373
1 29 -815352806
1 30 -733036507
1 31 -507351718
1 33 -647032285
1 34 -823072686
1 35 -981659443
1 36 -199244053
1 37 -204786987
1 38 -225692392
1 39 -553103601
1 40 -38284805
1 41 -201961683
1 42 -19131297
1 43 -223256359
1 44 -278751921
1 45 -394957503
1 46 -1041155510
1 47 -1027174839
1 48 -904826957
1 49 -991359273
1 50 -847514827
1 51 696694158
1 52 -864361932
1 53 -754732783
1 54 -765688738
1 55 -433714025
1 56 -945333280
1 57 -39815870
2 3 -984020485
2 5 -483359396
2 6 -574793067
2 7 398065255
2 8 -611220738
2 9 -449066096
2 10 -345482584
2 11 -302383209
2 12 527577248
2 13 -315515791
2 14 -174418616
2 15 -278987478
2 16 -502650533
2 17 -765764674
2 18 -32119775
2 19 -489413543
2 20 -630935179
2 21 -896315490
2 22 -1010769062
2 23 -656755015
2 24 92651428
2 26 -366365770
2 28 103335011
2 29 -95525157
2 30 -503893257
2 32 -49455496
2 33 -374115885
2 34 -835816401
2 35 -565085734
2 36 -690149241
2 37 -47779352
2 38 -173452748
2 39 -486572820
2 40 -636154724
2 42 -421671204
2 43 -843786635
2 44 -931070388
2 45 -474641884
2 46 -211876982
2 48 -730124284
2 49 -893452120
2 51 -682681049
2 52 -668481970
2 53 -61653116
2 54 476486782
2 55 -302169485
2 56 -632691603
2 57 -949180616
2 58 -741003059
2 59 -850709862
3 4 649819985
3 5 105123807
3 6 -198425107
3 7 -136724589
3 8 -997461259
3 9 -116398599
3 10 -542241917
3 11 -702909039
3 12 -347812532
3 13 -1002557570
3 15 -429461000
3 17 -543046238
3 18 -419831979
3 19 -83368669
3 20 -261916626
3 21 -706277617
3 22 -554992827
3 23 -404621511
3 24 -659020658
3 25 -224154352
3 26 -426061225
3 27 -916776648
3 28 -180417643
3 29 -194922103
3 30 -121684001
3 31 -41925723
3 32 -51157716
3 33 898848294
3 34 -937510200
3 35 -211030905
3 36 -606991933
3 37 -829991096
3 38 -475065964
3 39 -786477177
3 41 -318773692
3 42 -902882769
3 43 -711535697
3 45 -692403982
3 46 -913367255
3 47 -846342330
3 48 -329179141
3 49 -5519945
3 50 -1028954290
3 51 -258885275
3 52 -922134596
3 53 -585227974
3 54 -172464481
3 55 -28153379
3 57 -612197192
3 58 -750343255
3 59 375456888
4 5 -935257147
4 6 -193201951
4 7 -979789200
4 8 -538650809
4 9 -615300792
4 11 934130972
4 12 379025767
4 13 -861851450
4 15 -377935552
4 16 -129350878
4 17 -934156330
4 18 -508846738
4 19 -72309933
4 20 -435333245
4 21 -783982083
4 22 -68576826
4 23 -460201773
4 24 -568883080
4 25 -1043408136
4 26 88375805
4 27 -992193242
4 28 -410690278
4 29 -145750770
4 30 -333781440
4 31 -393360505
4 32 -409468498
4 33 708031543
4 34 -670590969
4 35 -621501114
4 36 -576182590
4 37 -463160410
4 39 -730190030
4 40 -783362553
4 41 -732134660
4 42 945977577
4 43 -338187831
4 44 -765169325
4 45 -513704934
4 46 -701793168
4 47 -598078502
4 48 -650637244
4 49 -222333378
4 50 -898761422
4 51 597428466
4 52 -846760232
4 53 -544192304
4 54 204447753
4 55 -1040560531
4 56 -1019731919
4 57 -730198294
4 59 -776863137
5 6 -575144058
5 7 755749841
5 8 -712675716
5 9 -635503189
5 10 -1048161127
5 11 -1046944409
5 12 -344640389
5 13 -183377714
5 14 -1004829555
5 15 -30930459
5 16 -666796672
5 17 -336515807
5 18 -137989858
5 19 -813781170
5 21 -136794011
5 22 -887006289
5 23 -325067043
5 24 -77826953
5 25 -505817863
5 26 -113965757
5 28 -289852291
5 29 -92186827
5 30 -524668527
5 31 -352532348
5 32 -678944312
5 33 -725558308
5 34 -47875614
5 35 986001234
5 36 -811501478
5 37 -503323840
5 38 -350396058
5 39 -383361034
5 40 -103504394
5 41 -413956257
5 42 -612207230
5 43 157848454
5 44 -817923389
5 45 -673103987
5 46 -671877074
5 47 -418951300
5 48 -179539124
5 49 -66649209
5 50 -124440303
5 51 -785045443
5 52 36003251
5 53 -278005885
5 54 -459439474
5 55 -490896290
5 56 -271871982
5 57 -12984030
5 58 -566327067
5 59 -397523638
6 7 -570187881
6 8 332410683
6 9 -231859213
6 10 -167408496
6 11 -364075650
6 12 -750363209
6 13 -741818180
6 14 914762454
6 15 -918437556
6 16 -908485872
6 17 191276271
6 18 -199689657
6 19 -853330553
6 20 -1001512244
6 21 -615004360
6 22 -246180436
6 23 -135518961
6 25 -405130980
6 26 -256416207
6 27 -323270233
6 28 -1000149668
6 30 -995587724
6 33 -764013489
6 34 -646657790
6 35 -892411941
6 36 -327068527
6 37 -693835005
6 38 -310797025
6 39 -819985574
6 40 943314796
6 41 -190053560
6 42 -5753240
6 43 -1002852035
6 44 -128718668
6 45 -220897430
6 46 -412302824
6 47 -1048509719
6 48 -201017317
6 49 -823724698
6 51 -145483871
6 52 232782882
6 53 -832886217
6 54 -384166738
6 55 -106868496
6 56 -609505836
6 57 -603586638
6 58 -94230719
6 59 -35215929
7 8 -237863315
7 9 -25096460
7 10 -922368013
7 11 -730632448
7 12 -469337925
7 13 -114176783
7 14 -419149850
7 15 -172638710
7 16 -112470503
7 17 -1028943422
7 18 -1022363567
7 19 -662104206
7 20 -985857909
7 21 -69557771
7 22 -220022987
7 23 29412105
7 24 -40842283
7 25 -594149671
7 26 -1029456909
7 27 -87083547
7 28 -522546032
7 29 -577256758
7 30 -765206352
7 31 502460732
7 32 -910820867
7 33 -399601549
7 34 -534853288
7 35 -313735596
7 36 -1072025301
7 37 718715905
7 38 -425999132
7 39 -102655854
7 40 -597190196
7 41 123375391
7 42 -132778447
7 43 -197578092
7 44 -538695754
7 45 -698143194
7 46 -4878212
7 48 -88244175
7 49 -246829454
7 50 -25612740
7 51 -509245723
7 52 -397706873
7 53 -744868332
7 55 -616255937
7 56 -739316043
7 57 -818694019
7 58 -232622233
8 10 -298699912
8 11 -1071567937
8 12 -33165571
8 13 -447253206
8 14 -147394510
8 15 -759220247
8 16 -12557447
8 17 -345733115
8 18 -36800319
8 19 -768767036
8 20 -156807507
8 21 -668888445
8 22 -337084535
8 24 -339653498
8 25 -876665418
8 26 -1059281032
8 27 -352183033
8 28 -728651415
8 29 -209564666
8 31 -802924236
8 32 -472010747
8 33 -776490904
8 34 -187090229
8 35 -616705200
8 36 -711328230
8 37 -60165396
8 38 -423318620
8 39 -948166342
8 40 -315924585
8 41 -873911503
8 42 -493440771
8 43 -105162553
8 44 -216744615
8 45 -836329692
8 46 -14985869
8 47 514864223
8 48 -26868383
8 49 -291035599
8 50 -689860804
8 51 -270289550
8 52 -343594687
8 53 -484416999
8 55 -202645769
8 56 373653083
8 58 -282882487
8 59 -962202744
9 10 -12570695
9 11 985776815
9 12 -900404350
9 13 456520183
9 14 -6647937
9 15 -1013234959
9 16 -23305563
9 17 910365112
9 18 -434306885
9 20 670981295
9 21 -809540982
9 22 -760510623
9 23 -357515038
9 24 -10636222
9 25 -423848463
9 26 -630786116
9 27 -935490498
9 28 -520574100
9 29 -1010066872
9 30 -600418570
9 31 -238915364
9 33 -336827916
9 34 -140157027
9 35 -182343532
9 36 622871969
9 37 -240183617
9 38 -657292869
9 39 -552203178
9 40 -68246614
9 41 -694423635
9 42 -1045354512
9 43 -631288589
9 44 953000249
9 45 -633615648
9 46 -400047950
9 47 -119422140
9 48 -679137803
9 49 -296426945
9 50 -474994023
9 51 240825258
9 52 -1040918739
9 53 -223659705
9 54 -525140943
9 56 -432326961
9 57 -881330454
9 58 -225974218
9 59 -281880590
10 11 -700980708
10 12 -402705318
10 13 -442355532
10 14 -639698024
10 15 -234912772
10 16 -512441785
10 17 -704331547
10 18 -619598455
10 19 -983014601
10 20 -687478775
10 21 -762228022
10 22 -171287812
10 23 -380363324
10 24 -125782665
10 25 -859899820
10 26 -587444717
10 27 664907337
10 28 -35249128
10 29 -301647258
10 30 -713139935
10 32 -151364865
10 33 -292338387
10 34 -709848491
10 35 -776765042
10 36 -1028211486
10 37 -1046902627
10 38 202370746
10 39 -561678138
10 41 -527682250
10 42 -136228625
10 43 -434579406
10 44 -688309811
10 45 -64251420
10 46 -384588026
10 47 -73176192
10 48 -59488159
10 49 -177583320
10 50 755249789
10 51 -1000954869
10 52 -271035914
10 53 -260616909
10 54 -374889785
10 55 142038478
10 56 -729727953
10 57 158792747
10 58 -887381908
10 59 -878141594
11 12 -393060022
11 13 -715764322
11 14 -70529559
11 15 -340183680
11 16 -419779951
11 18 -147606507
11 19 -1068416548
11 20 -359739393
11 21 -885976614
11 22 765547587
11 23 -713280603
11 24 201728473
11 25 -1042317922
11 26 -742133770
11 27 680673972
11 28 -8910193
11 29 -1037918938
11 30 -857617917
11 31 -509249413
11 32 -561658194
11 33 378896271
11 34 733520544
11 35 -273544286
11 36 -590967779
11 37 -717354218
11 38 -574635473
11 39 -650045419
11 41 -887722960
11 42 -334531403
11 43 -262053690
11 44 -959578441
11 45 -575814734
11 47 -341199878
11 48 -341817390
11 50 -250534609
11 51 -542545972
11 52 -773227384
11 53 -821844153
11 54 -1008580314
11 56 -617624430
11 57 -859541823
11 58 -966822518
11 59 548103733
12 13 -396002045
12 14 710139269
12 15 -898049900
12 17 -723601056
12 18 -109363590
12 19 -631154115
12 20 -753952890
12 21 -739768116
12 22 -209459715
12 23 -377287451
12 24 -432276548
12 25 -696953146
12 26 -234091765
12 27 -647117235
12 28 -853975009
12 29 -821397038
12 30 -324703340
12 31 -913205346
12 32 -115166710
12 33 -849596837
12 34 278036407
12 35 -855924691
12 36 -281327063
12 37 -521978776
12 38 -491509142
12 39 -185427666
12 40 -29423383
12 41 -749780901
12 42 -612265334
12 44 -131874666
12 45 -55597323
12 46 -663204372
12 47 -118226070
12 48 -500646964
12 49 -841243424
12 50 -770804353
12 51 -840272212
12 52 -495214174
12 53 739705659
12 54 -131889126
12 55 -439701149
12 56 -912656114
12 57 -438203558
12 58 -785759877
12 59 -383816202
13 14 -1065175091
13 15 -687953702
13 17 -494813201
13 18 -206151735
13 19 -550953765
13 21 -948783976
13 22 -145909120
13 23 -634855777
13 24 -261862926
13 25 -575951079
13 26 -481776091
13 27 -523931189
13 28 -339310682
13 29 -228317805
13 30 -680366849
13 31 -1063207673
13 32 -382789510
13 33 -680010499
13 34 -37699816
13 35 -279824425
13 37 951699960
13 39 -219195600
13 40 1041510512
13 41 -12376247
13 42 -1002527930
13 43 -221838195
13 44 -227693698
13 46 -58780816
13 48 -1005669339
13 49 -914435277
13 50 -514410932
13 51 -195195487
13 53 -594993158
13 54 -424805653
13 55 -1026678660
13 56 -726895412
13 57 -1031176810
13 58 -436477679
14 15 -2846174
14 16 -758011120
14 17 -150970775
14 18 -459102789
14 19 -791636274
14 20 -780994002
14 21 -623290195
14 22 -100664850
14 23 -923946456
14 24 1003191666
14 25 -789818608
14 26 -634472152
14 27 -122842154
14 28 -631623128
14 29 1013420230
14 30 -935947917
14 31 -448612929
14 32 -858081933
14 33 -603409064
14 34 -1023734531
14 35 -340693144
14 36 1068847859
14 38 30229503
14 39 -450747442
14 40 -736767364
14 41 -484518822
14 42 -472291227
14 43 -495328431
14 45 -923780524
14 46 -138479405
14 47 -800423841
14 48 -71401955
14 49 -345763137
14 51 -600188125
14 52 -519265963
14 53 -658356070
14 54 -863083362
14 55 -199728637
14 56 -54035591
14 57 -420494947
14 58 -6758891
14 59 915115031
15 16 -305167722
15 17 166760852
15 18 -709780628
15 19 -374377431
15 21 -394558194
15 22 -480020739
15 23 -231918759
15 24 -624207225
15 25 -255632776
15 26 -711877073
15 27 -479405771
15 28 -819337447
15 29 -371992809
15 30 -339508449
15 31 -597056682
15 34 -783857042
15 35 -176746092
15 36 603873808
15 37 -129206696
15 38 895327754
15 39 -213403429
15 40 -919341891
15 41 -819564772
15 42 -2543592
15 43 -628180042
15 44 -490830028
15 45 -721889218
15 46 -812531870
15 48 -435192920
15 49 -517649706
15 50 -282507225
15 51 -680203140
15 52 -236150488
15 53 -431644466
15 54 -461487308
15 55 -603888644
15 56 -997525640
15 58 132221739
15 59 -427947152
16 17 -329688396
16 18 -766158195
16 20 -828730019
16 21 -855879127
16 22 -662921160
16 23 -352792226
16 24 -231469695
16 25 236112709
16 26 -740091416
16 27 -130642934
16 28 -481828312
16 30 -913561021
16 31 -697817803
16 33 -89049241
16 34 -357648302
16 35 -248926545
16 36 -1039426476
16 37 -911108314
16 38 235059052
16 40 -8793354
16 42 -434136662
16 43 -477566796
16 44 -494679209
16 46 -150645574
16 47 -1001190747
16 48 -238560033
16 50 -512654877
16 51 -502157602
16 52 -979890974
16 53 -757670665
16 54 -717428547
16 55 -759907443
16 56 -1001869276
16 59 -100543471
17 18 -414863015
17 19 482999690
17 21 -421338506
17 22 -625752135
17 23 -251429181
17 24 1026981573
17 25 -539768293
17 26 -626437835
17 27 -549561184
17 28 -775309271
17 29 273639475
17 30 -61991762
17 31 -527335188
17 32 -395900347
17 33 -155288145
17 34 -914679845
17 35 -829480902
17 36 -243531708
17 37 -203019196
17 38 -647387606
17 39 22515144
17 40 -769530644
17 41 -225123233
17 42 -982058932
17 44 -503217728
17 45 -29931310
17 46 -362190230
17 47 -485399891
17 48 -485293328
17 49 -639570636
17 50 986187639
17 51 -201475590
17 52 -1065938232
17 53 -836892819
17 54 -751083513
17 55 -559583634
17 56 -1063726239
17 57 -80916939
17 58 -854903806
17 59 -219194119
18 19 -418277860
18 20 122503932
18 21 -683418136
18 22 -610951424
18 23 863431511
18 24 746973266
18 25 -654627157
18 26 -592594529
18 27 -1030696759
18 28 -242669367
18 30 -157719339
18 32 -186991078
18 33 -774056595
18 34 -822770596
18 35 -122902415
18 37 -99137478
18 38 -463029562
18 39 -198260152
18 40 -452147214
18 41 -802801332
18 42 -192198422
18 43 -303436905
18 44 -1071240951
18 45 -134852911
18 46 -746385178
18 47 845529003
18 48 -570159476
18 49 -816754315
18 53 -587844127
18 54 -557900715
18 55 115071964
18 57 -474972507
18 58 -872200144
18 59 -723889527
19 20 -16999905
19 21 -347348823
19 22 -704939141
19 23 -222472015
19 24 -519338558
19 25 -112705365
19 26 -912295481
19 27 -570528519
19 28 513780743
19 29 -115178498
19 30 -245097264
19 31 -624338191
19 32 71839513
19 33 851531900
19 34 -204381153
19 36 -505034852
19 37 -699425756
19 38 -131107826
19 39 -1068246236
19 41 -330304468
19 42 -479774224
19 43 -424062250
19 44 -866318600
19 45 -1025515656
19 46 -551379571
19 48 -988143938
19 49 710566752
19 50 -870471851
19 51 -932721059
19 52 -741676420
19 53 -720374482
19 54 -56486998
19 55 -412583715
19 56 -778364194
19 57 -443275480
19 58 -231070543
19 59 -1060390346
20 21 -834122344
20 22 -1033124822
20 23 -515028107
20 24 -621904336
20 25 -829756144
20 26 -992150455
20 28 -16989802
20 29 -571473515
20 30 -909489708
20 31 833342599
20 32 -872331587
20 33 -151792749
20 34 -89140329
20 35 -368894197
20 36 -801837309
20 37 -67699974
20 38 -982180871
20 39 -434507077
20 40 -134706364
20 41 -62449767
20 42 -183385262
20 43 -600129784
20 44 -987166402
20 45 -910390506
20 46 -523682244
20 47 -525343810
20 48 -396506130
20 49 -3377391
20 50 -276456735
20 51 -785521280
20 52 -753023120
20 53 -249645715
20 54 981007420
20 55 -454614263
20 56 726496004
20 57 -412928186
20 58 -415687257
20 59 -664964194
21 22 -878438459
21 23 -167229284
21 24 -478791381
21 26 -1044460985
21 27 -977872918
21 28 -788682949
21 29 -649412058
21 30 -132600061
21 31 -139865068
21 32 -1027507585
21 34 -388162957
21 35 -650763082
21 36 -129281481
21 39 -251006442
21 40 -138252853
21 41 -418876840
21 42 681756451
21 43 375597626
21 44 -882944918
21 45 -182290995
21 46 -316021004
21 47 -1048110509
21 48 -135048793
21 49 -822942979
21 50 -815827312
21 51 -98260357
21 52 -412207806
21 53 -584166385
21 54 -298039388
21 55 -252208444
21 56 1071595907
21 57 -296142106
22 23 -420482736
22 24 -174593362
22 25 -869041311
22 26 -1025489488
22 27 -337181666
22 28 -50745751
22 29 -812932219
22 30 -716004136
22 31 -795134480
22 32 -176192109
22 33 -83923814
22 34 -214608979
22 35 -297687149
22 36 -129382510
22 37 -73196144
22 38 -468478908
22 39 -153938608
22 40 -73298945
22 41 -952283306
22 42 -702768952
22 43 -630112038
22 44 -1024485757
22 45 -838051981
22 46 -247353161
22 47 -262333689
22 48 -987768595
22 49 -571897976
22 50 -420697912
22 51 -647765254
22 52 874587896
22 53 372555997
22 54 -633428275
22 55 465425036
22 56 -807826059
22 57 -511891900
22 58 -632544854
22 59 -226947937
23 24 -257192499
23 26 -523707034
23 27 -781719842
23 28 -212264948
23 29 -500213009
23 32 -143343352
23 33 -738496535
23 34 556994393
23 35 -455629796
23 36 -114005706
23 37 -77895317
23 38 -1023210388
23 40 -963723471
23 41 -1003487268
23 42 -331362205
23 43 -424557480
23 44 526072977
23 45 -385024139
23 46 -588651950
23 48 -225039392
23 49 -167404000
23 50 -912937515
23 52 369118897
23 54 -647895540
23 55 -656669416
23 56 -488457583
23 57 -942113419
23 58 -854195286
23 59 -185651650
24 25 -210520270
24 26 -1065948978
24 27 -143949077
24 28 -197985077
24 29 883996379
24 30 -918859373
24 31 -350699080
24 32 -471927074
24 33 -725657474
24 34 -785986132
24 35 -965315062
24 36 -117318418
24 37 -471418677
24 38 152274549
24 39 -314592577
24 40 -648133901
24 41 -591251359
24 42 -438516978
24 43 -953682401
24 44 -984154975
24 45 -918880449
24 46 -577511715
24 47 -469909348
24 48 -1053925249
24 50 -450686706
24 51 -31985620
24 52 -522672489
24 53 -188006117
24 54 -921266494
24 56 -326513008
24 57 -276157910
24 58 -329611831
24 59 -912878448
25 26 -865132913
25 28 -188078396
25 29 -577321518
25 30 -455265775
25 31 -401604550
25 32 -477373525
25 33 192837243
25 34 -372552173
25 35 -1008235883
25 36 -444980179
25 38 -913490089
25 39 -687408768
25 40 -54199573
25 41 -1055619686
25 42 -704199965
25 43 700486303
25 44 -274813963
25 45 -415239064
25 46 908150080
25 47 -493675217
25 48 -767388710
25 49 -337745719
25 50 -986439507
25 52 -974419647
25 53 -994225413
25 54 -400576351
25 55 -80570653
25 56 -963602575
25 57 -586348860
25 58 -145233701
25 59 -567273452
26 27 -911093658
26 28 -445494386
26 29 -171675117
26 30 -285096423
26 31 -882311130
26 32 -429428102
26 33 -22861081
26 34 -482647856
26 35 -987644719
26 36 -715859440
26 37 372809534
26 38 -62094466
26 39 443571524
26 41 581567498
26 43 -86993031
26 44 -525839139
26 45 -133268392
26 47 -903031775
26 48 -738906908
26 49 -493734221
26 51 -640635341
26 52 -1012646803
26 53 273049987
26 55 -55153916
26 56 -552147031
26 57 -117886157
26 58 -170870945
26 59 -550876366
27 28 -882572083
27 29 -718381660
27 30 -610611650
27 31 -921190912
27 33 -432489515
27 34 -886612137
27 35 -606564255
27 37 -566020327
27 38 -244173623
27 39 -680059010
27 40 -440442375
27 41 -46253146
27 42 379488335
27 43 -495657169
27 44 -884920155
27 45 -977105632
27 46 844730490
27 47 -125011507
27 48 -721089995
27 49 -785665431
27 50 -577945942
27 51 -495448990
27 52 -926387222
27 53 -390782432
27 54 928400366
27 55 -708966080
27 56 -443498002
27 57 -235136905
27 58 -82452374
27 59 -789083625
28 29 -776528137
28 30 -313135277
28 31 -535024434
28 32 -402991789
28 33 -55749914
28 34 -908048487
28 35 -687852292
28 36 -748964090
28 37 -694595816
28 38 -866117601
28 39 -94213267
28 41 -82366057
28 42 -83135499
28 43 -982146849
28 44 -978756226
28 45 -332841273
28 46 -978931980
28 47 -415696193
28 48 -459455670
28 49 -422872734
28 51 -434320275
28 52 -747463222
28 53 -339718434
28 54 -433847105
28 55 -507443485
28 56 -28662110
28 57 -313790793
28 58 -167279601
28 59 -35778501
29 30 -814595168
29 31 -245581765
29 32 -815114734
29 33 456649998
29 35 -371476442
29 37 -602655236
29 38 -716116270
29 39 -937049854
29 40 -223765837
29 41 -987891720
29 42 -690816634
29 43 -243816277
29 44 -183913843
29 45 -880353655
29 46 -145811546
29 47 -892647454
29 48 -464152623
29 49 -817441490
29 50 -233203558
29 51 -104792019
29 52 -947256415
29 54 -429593582
29 55 -398419094
29 56 -807886255
29 57 -140784958
29 58 -423987950
29 59 -903719129
30 31 941773486
30 32 -42232776
30 33 162970938
30 34 -29038975
30 35 -48277926
30 36 612415269
30 38 -280393566
30 39 -663473765
30 41 -191649120
30 43 -200289154
30 44 -1067987038
30 46 -1026025910
30 47 -1062569231
30 48 -584905649
30 49 -587142958
30 50 -340334066
30 51 712345581
30 52 -625795777
30 53 -658175622
30 54 -980620104
30 56 -869459560
30 57 -377471897
30 58 -300158737
30 59 -854124687
31 32 -118259259
31 34 -884410075
31 35 588916373
31 36 -134735291
31 37 -98712917
31 38 -375592400
31 39 -892806742
31 40 -647586534
31 41 881474774
31 42 -679922940
31 44 -347844927
31 45 -267438227
31 46 -944263773
31 47 -128908697
31 48 -492472814
31 49 -650246717
31 50 -139700562
31 51 -775131757
31 52 -130519190
31 53 -820343011
31 54 -929490895
31 55 -444288980
31 56 -766922854
31 57 -701243233
31 58 -279238256
31 59 -411906490
32 33 -610247305
32 34 -943989216
32 35 -686413072
32 36 -508714403
32 37 11076745
32 38 -383730200
32 39 -416242225
32 41 -695630196
32 42 -163836398
32 43 -302256573
32 44 -286343647
32 45 172898100
32 46 -234436572
32 47 -806648549
32 48 -566285353
32 50 -87830780
32 53 -176937133
32 54 -966594684
32 56 1029723409
32 57 -80071069
32 59 -118606498
33 34 -362761233
33 35 -566521166
33 36 -786874522
33 37 -201208142
33 38 892743779
33 39 -267592337
33 40 -518096044
33 41 -995601927
33 42 -147292087
33 43 -819644549
33 44 -154175600
33 45 603639024
33 46 -811538684
33 47 -96338071
33 48 -1016565894
33 49 -881007400
33 50 -673088441
33 52 -24099331
33 53 -904232720
33 54 -485113510
33 55 -133453472
33 56 -199420055
33 57 -326566686
33 58 -544924818
33 59 -76793032
34 35 -600244942
34 36 -617495004
34 37 -752446041
34 38 -986195959
34 39 -959626480
34 40 -72228474
34 41 -983814781
34 42 -896847784
34 43 710169159
34 44 -773939014
34 45 -534406407
34 46 -749693016
34 47 -409682302
34 48 -384940428
34 49 296446857
34 50 -227159593
34 51 -101424051
34 52 220337810
34 53 -522626139
34 54 -631405683
34 55 -631336054
34 56 -386639859
34 57 -1044640690
34 58 -20105646
34 59 -232423433
35 36 -1061252223
35 37 -230199450
35 38 -19494059
35 39 -1053480144
35 40 -880488319
35 41 -75431040
35 42 -248269495
35 43 894456605
35 44 -1005648398
35 45 -305410272
35 46 -155244893
35 47 -249791234
35 48 839440870
35 49 -72926113
35 50 -935034435
35 51 -443692477
35 52 -900055451
35 53 -339266859
35 55 -303285552
35 56 -150011475
35 57 -1041530812
35 58 -877652815
35 59 -566422999
36 37 -502164151
36 38 659303822
36 39 -1003632471
36 40 -681201535
36 42 -745658432
36 43 -596624831
36 44 -365033297
36 45 -576898700
36 46 -989545025
36 47 -133352866
36 48 -813165664
36 49 1025275614
36 50 -668458873
36 51 -390747875
36 52 -449112581
36 54 -208010885
36 56 44576402
36 57 -487288447
36 58 -998911472
36 59 -1039948544
37 38 -59419768
37 39 -1021993464
37 42 -161509977
37 43 -115214557
37 44 -1064459540
37 45 557072812
37 46 -779335344
37 47 -739969918
37 48 -955535198
37 49 -113231494
37 51 -375832178
37 52 -819266895
37 53 -620382264
37 54 -412935243
37 55 -541089930
37 56 -341594256
37 57 -150907808
37 59 -41663901
38 39 -970581759
38 41 -570732176
38 42 -49992808
38 43 -187265799
38 44 -1035132604
38 45 843920482
38 46 -613562581
38 47 -422547168
38 48 -580111532
38 49 -835516108
38 50 -1023693142
38 51 -749744712
38 52 -428765086
38 53 412450015
38 54 -186989188
38 55 -79441778
38 56 -850702569
38 57 -932444830
38 58 -777689230
38 59 -904392542
39 40 -143782246
39 41 -789641516
39 42 -937094925
39 43 -785465155
39 44 -599866382
39 46 -111918873
39 47 -795630213
39 48 413698778
39 49 -1068586252
39 50 -540025766
39 52 -700350812
39 53 16367451
39 54 -231449894
39 55 -909226192
39 56 -854758789
39 57 -285342180
39 58 -1023409567
39 59 -1065208069
40 41 -422978164
40 42 -743153343
40 43 714160855
40 45 -957496555
40 46 -526632521
40 48 -730029142
40 49 -33961872
40 50 -373408998
40 51 -786013825
40 52 -875943574
40 53 -739113462
40 54 -165921737
40 55 -61662273
40 57 -488606379
40 58 -576040163
40 59 -51972838
41 42 -780460569
41 43 880792939
41 44 171620234
41 46 -439275697
41 47 -619705738
41 48 -1011011899
41 49 -675633853
41 50 -1005005336
41 51 -1013198746
41 52 -702108485
41 53 -704166421
41 54 -128631316
41 55 -868577872
41 56 -349375531
41 57 -367724486
41 58 -503153496
41 59 -136018517
42 43 -53167878
42 44 933910149
42 45 -699006588
42 46 -775298314
42 47 -302068194
42 48 333373511
42 49 -744546432
42 50 -34279894
42 51 -828570003
42 52 -898036113
42 53 -158658214
42 54 -757022342
42 55 -608468984
42 56 -381987837
42 57 -803561953
42 58 -392967958
42 59 -672084250
43 44 -907721737
43 45 -200945886
43 46 -597836045
43 48 334550510
43 49 389640994
43 50 151036570
43 51 -883388238
43 52 -88514998
43 53 427044289
43 54 -238418196
43 55 -21253800
43 56 -962374390
43 57 -959027695
43 58 -68751749
43 59 -983441296
44 45 -230795640
44 46 -690905541
44 47 -371805644
44 48 -257323817
44 49 -905065175
44 50 -179959251
44 51 397084807
44 52 -1006480177
44 53 -934405637
44 54 -798334107
44 55 -289405605
44 57 -274750036
44 58 -339374253
45 46 -806608477
45 47 -885458540
45 48 -905683980
45 49 -688396648
45 50 -939781791
45 51 -1023607885
45 52 -944717502
45 53 -109772721
45 55 -972650999
45 56 -994274204
45 57 508723641
45 59 -78788490
46 47 -560107887
46 49 -657449368
46 50 -214383641
46 51 -798730875
46 52 -1008422285
46 53 -803676076
46 54 -1072664959
46 56 -232805535
46 59 -770123029
47 48 -502770970
47 49 -80436203
47 50 -591301845
47 51 -925183851
47 52 -389498748
47 53 -729759824
47 55 -971053873
47 56 -460283251
47 57 -604814641
47 58 -535489681
47 59 407290711
48 49 -289964861
48 50 -458796090
48 51 -1012986760
48 52 -922229592
48 53 -1065827012
48 54 -312596649
48 55 -308352814
48 56 843492937
48 57 -112606180
48 58 -766144191
49 50 -577116222
49 51 -609276265
49 52 -207826992
49 53 -75888888
49 54 -43328824
49 55 -109637866
49 56 -350840764
49 57 -266311020
49 58 -293737942
49 59 -844276951
50 51 -446115776
50 52 -53612006
50 53 -172613585
50 54 -1007251309
50 55 -705783195
50 56 -266737493
50 57 -636867837
50 58 -202825283
50 59 -845264639
51 52 -101269306
51 53 -709671053
51 54 -181172003
51 55 689816725
51 56 -609615168
51 57 -311185353
51 58 397874561
51 59 -872308845
52 53 -179063060
52 54 -805439535
52 55 662703479
52 56 -616154148
52 57 -874865472
52 58 -879859072
52 59 -78040536
53 56 -516454211
53 57 -336804374
53 58 -709783386
53 54 -1010023324
53 55 572845572
54 56 -704805192
54 58 -24618193
54 59 -276926190
54 55 -364535352
55 56 -421414236
55 57 -198511696
55 58 554212291
55 59 -336257129
56 57 -980621783
57 58 -249573099
57 59 -80885357
58 59 -838665416
